<?xml version="1.0" encoding="UTF-8"?>
<!-- Generated by org.testng.reporters.JUnitReportReporter -->
<testsuite skipped="0" hostname="DESKTOP-86PCRUR" name="Test.automationExercise" tests="1" failures="0" timestamp="09 feb 2018 01:53:50 GMT" time="3.312" errors="0">
  <testcase name="i_am_on_SeleniumHQ_Page" time="3.312" classname="Test.automationExercise"/>
</testsuite> <!-- Test.automationExercise -->
